<?xml version="1.0" encoding="UTF-8" ?>
<testsuite tests="13" failures="0" name="automation.runner.SavingsAccTest" time="55.487" errors="0" skipped="0">
  <properties>
    <property name="java.runtime.name" value="OpenJDK Runtime Environment"/>
    <property name="java.vm.version" value="17.0.1+1"/>
    <property name="sun.boot.library.path" value="/usr/local/Cellar/openjdk/17.0.1_1/libexec/openjdk.jdk/Contents/Home/lib"/>
    <property name="maven.multiModuleProjectDirectory" value="/Users/fahadkader/Desktop/Git/Cucumber/DigitalBank_Cucumber_UI_Framework2"/>
    <property name="java.vm.vendor" value="Homebrew"/>
    <property name="java.vendor.url" value="https://github.com/Homebrew/homebrew-core/issues"/>
    <property name="guice.disable.misplaced.annotation.check" value="true"/>
    <property name="path.separator" value=":"/>
    <property name="java.vm.name" value="OpenJDK 64-Bit Server VM"/>
    <property name="user.country" value="US"/>
    <property name="sun.java.launcher" value="SUN_STANDARD"/>
    <property name="java.vm.specification.name" value="Java Virtual Machine Specification"/>
    <property name="user.dir" value="/Users/fahadkader/Desktop/Git/Cucumber/DigitalBank_Cucumber_UI_Framework2"/>
    <property name="java.vm.compressedOopsMode" value="Zero based"/>
    <property name="java.runtime.version" value="17.0.1+1"/>
    <property name="os.arch" value="x86_64"/>
    <property name="java.io.tmpdir" value="/var/folders/60/l05vcbdj27v51cr1v367kz940000gn/T/"/>
    <property name="line.separator" value="
"/>
    <property name="java.vm.specification.vendor" value="Oracle Corporation"/>
    <property name="os.name" value="Mac OS X"/>
    <property name="classworlds.conf" value="/usr/local/Cellar/maven/3.8.4/libexec/bin/m2.conf"/>
    <property name="sun.jnu.encoding" value="UTF-8"/>
    <property name="java.library.path" value="/Users/fahadkader/Library/Java/Extensions:/Library/Java/Extensions:/Network/Library/Java/Extensions:/System/Library/Java/Extensions:/usr/lib/java:."/>
    <property name="maven.conf" value="/usr/local/Cellar/maven/3.8.4/libexec/conf"/>
    <property name="jdk.debug" value="release"/>
    <property name="java.class.version" value="61.0"/>
    <property name="java.specification.name" value="Java Platform API Specification"/>
    <property name="sun.management.compiler" value="HotSpot 64-Bit Tiered Compilers"/>
    <property name="os.version" value="12.3"/>
    <property name="library.jansi.path" value="/usr/local/Cellar/maven/3.8.4/libexec/lib/jansi-native"/>
    <property name="http.nonProxyHosts" value="local|*.local|169.254/16|*.169.254/16"/>
    <property name="user.home" value="/Users/fahadkader"/>
    <property name="user.timezone" value="America/New_York"/>
    <property name="file.encoding" value="UTF-8"/>
    <property name="java.specification.version" value="17"/>
    <property name="user.name" value="fahadkader"/>
    <property name="java.class.path" value="/usr/local/Cellar/maven/3.8.4/libexec/boot/plexus-classworlds-2.6.0.jar"/>
    <property name="java.vm.specification.version" value="17"/>
    <property name="sun.arch.data.model" value="64"/>
    <property name="sun.java.command" value="org.codehaus.plexus.classworlds.launcher.Launcher clean install"/>
    <property name="java.home" value="/usr/local/Cellar/openjdk/17.0.1_1/libexec/openjdk.jdk/Contents/Home"/>
    <property name="user.language" value="en"/>
    <property name="java.specification.vendor" value="Oracle Corporation"/>
    <property name="java.vm.info" value="mixed mode, sharing"/>
    <property name="java.version" value="17.0.1"/>
    <property name="native.encoding" value="UTF-8"/>
    <property name="java.vendor" value="Homebrew"/>
    <property name="sun.stderr.encoding" value="UTF-8"/>
    <property name="maven.home" value="/usr/local/Cellar/maven/3.8.4/libexec"/>
    <property name="file.separator" value="/"/>
    <property name="java.version.date" value="2021-10-19"/>
    <property name="java.vendor.url.bug" value="https://github.com/Homebrew/homebrew-core/issues"/>
    <property name="sun.io.unicode.encoding" value="UnicodeBig"/>
    <property name="sun.cpu.endian" value="little"/>
    <property name="java.vendor.version" value="Homebrew"/>
    <property name="sun.stdout.encoding" value="UTF-8"/>
    <property name="socksNonProxyHosts" value="local|*.local|169.254/16|*.169.254/16"/>
    <property name="ftp.nonProxyHosts" value="local|*.local|169.254/16|*.169.254/16"/>
  </properties>
  <testcase classname="Create new Savings Bank account nd process payment from user&apos;s preferred account" name="User is able to Interact with savings tab #1" time="4.665"/>
  <testcase classname="Create new Savings Bank account nd process payment from user&apos;s preferred account" name="User is able to Interact with savings tab #2" time="4.272"/>
  <testcase classname="Create new Savings Bank account nd process payment from user&apos;s preferred account" name="Verify User can create New Savings account #1" time="4.371"/>
  <testcase classname="Create new Savings Bank account nd process payment from user&apos;s preferred account" name="Verify User can create New Savings account #2" time="4.245"/>
  <testcase classname="Create new Savings Bank account nd process payment from user&apos;s preferred account" name="Select Account Ownership categories verification #1" time="4.23"/>
  <testcase classname="Create new Savings Bank account nd process payment from user&apos;s preferred account" name="Select Account Ownership categories verification #2" time="4.222"/>
  <testcase classname="Create new Savings Bank account nd process payment from user&apos;s preferred account" name="Account Name element Verification" time="4.233"/>
  <testcase classname="Create new Savings Bank account nd process payment from user&apos;s preferred account" name="Initial Deposit Amount element verification #1" time="4.053"/>
  <testcase classname="Create new Savings Bank account nd process payment from user&apos;s preferred account" name="Initial Deposit Amount element verification #2" time="4.135"/>
  <testcase classname="Create new Savings Bank account nd process payment from user&apos;s preferred account" name="Initial Deposit Amount element verification #3" time="4.116"/>
  <testcase classname="Create new Savings Bank account nd process payment from user&apos;s preferred account" name="Initial Deposit Amount element verification #4" time="4.054"/>
  <testcase classname="Create new Savings Bank account nd process payment from user&apos;s preferred account" name="Initial Deposit Amount element verification #5" time="4.072"/>
  <testcase classname="Create new Savings Bank account nd process payment from user&apos;s preferred account" name="Create New Savings Account End to End Verification" time="4.819"/>
</testsuite>