<?xml version="1.0" encoding="UTF-8"?>
<!-- Generated by org.testng.reporters.JUnitReportReporter -->
<testsuite hostname="ASHIKULs-MBP" failures="0" tests="1" name="RSATest" time="9.668" errors="0" timestamp="10 Mar 2022 08:02:22 GMT">
  <testcase classname="RSATest" name="rahulShettyPageTest" time="9.668"/>
</testsuite> <!-- RSATest -->
