<?xml version="1.0" encoding="UTF-8"?>
<!-- Generated by org.testng.reporters.JUnitReportReporter -->
<testsuite hostname="ASHIKULs-MBP" failures="0" tests="1" name="YouTubeLinks" time="5.618" errors="0" timestamp="10 Mar 2022 08:07:53 GMT">
  <testcase classname="YouTubeLinks" name="youtubeLinks" time="5.618"/>
</testsuite> <!-- YouTubeLinks -->
