<?xml version="1.0" encoding="UTF-8"?>
<!-- Generated by org.testng.reporters.JUnitReportReporter -->
<testsuite hostname="ASHIKULs-MBP" failures="0" tests="1" name="GoogleTest" time="3.288" errors="0" timestamp="10 Mar 2022 08:02:22 GMT">
  <testcase classname="GoogleTest" name="homePageCheck" time="3.288"/>
</testsuite> <!-- GoogleTest -->
